0 info it worked if it ends with ok
1 verbose cli [ '/usr/local/bin/node',
1 verbose cli   '/usr/local/bin/npm',
1 verbose cli   'install',
1 verbose cli   'node-supervisor' ]
2 info using npm@1.4.28
3 info using node@v0.10.36
4 warn package.json ajaxjquery@0.0.0 No repository field.
5 verbose readDependencies using package.json deps
6 verbose cache add [ 'node-supervisor', null ]
7 verbose cache add name=undefined spec="node-supervisor" args=["node-supervisor",null]
8 verbose parsed url { protocol: null,
8 verbose parsed url   slashes: null,
8 verbose parsed url   auth: null,
8 verbose parsed url   host: null,
8 verbose parsed url   port: null,
8 verbose parsed url   hostname: null,
8 verbose parsed url   hash: null,
8 verbose parsed url   search: null,
8 verbose parsed url   query: null,
8 verbose parsed url   pathname: 'node-supervisor',
8 verbose parsed url   path: 'node-supervisor',
8 verbose parsed url   href: 'node-supervisor' }
9 silly lockFile 4383d1ff-node-supervisor node-supervisor
10 verbose lock node-supervisor /home/troyano/.npm/4383d1ff-node-supervisor.lock
11 silly lockFile 4383d1ff-node-supervisor node-supervisor
12 silly lockFile 4383d1ff-node-supervisor node-supervisor
13 verbose addNamed [ 'node-supervisor', '' ]
14 verbose addNamed [ null, '*' ]
15 silly lockFile c16c024b-node-supervisor node-supervisor@
16 verbose lock node-supervisor@ /home/troyano/.npm/c16c024b-node-supervisor.lock
17 silly addNameRange { name: 'node-supervisor', range: '*', hasData: false }
18 verbose request where is /node-supervisor
19 verbose request registry https://registry.npmjs.org/
20 verbose request id dd12c18ffe191b7e
21 verbose url raw /node-supervisor
22 verbose url resolving [ 'https://registry.npmjs.org/', './node-supervisor' ]
23 verbose url resolved https://registry.npmjs.org/node-supervisor
24 verbose request where is https://registry.npmjs.org/node-supervisor
25 info trying registry request attempt 1 at 22:32:01
26 http GET https://registry.npmjs.org/node-supervisor
27 http 404 https://registry.npmjs.org/node-supervisor
28 verbose headers { date: 'Wed, 11 Mar 2015 22:32:08 GMT',
28 verbose headers   server: 'CouchDB/1.6.1 (Erlang OTP/R14B04)',
28 verbose headers   'content-type': 'application/json',
28 verbose headers   'cache-control': 'max-age=0',
28 verbose headers   'content-length': '52',
28 verbose headers   'accept-ranges': 'bytes',
28 verbose headers   via: '1.1 varnish',
28 verbose headers   age: '0',
28 verbose headers   'x-served-by': 'cache-lhr6324-LHR',
28 verbose headers   'x-cache': 'MISS',
28 verbose headers   'x-cache-hits': '0',
28 verbose headers   'x-timer': 'S1426113128.497528,VS0,VE93',
28 verbose headers   'keep-alive': 'timeout=10, max=50',
28 verbose headers   connection: 'Keep-Alive' }
29 silly registry.get cb [ 404,
29 silly registry.get   { date: 'Wed, 11 Mar 2015 22:32:08 GMT',
29 silly registry.get     server: 'CouchDB/1.6.1 (Erlang OTP/R14B04)',
29 silly registry.get     'content-type': 'application/json',
29 silly registry.get     'cache-control': 'max-age=0',
29 silly registry.get     'content-length': '52',
29 silly registry.get     'accept-ranges': 'bytes',
29 silly registry.get     via: '1.1 varnish',
29 silly registry.get     age: '0',
29 silly registry.get     'x-served-by': 'cache-lhr6324-LHR',
29 silly registry.get     'x-cache': 'MISS',
29 silly registry.get     'x-cache-hits': '0',
29 silly registry.get     'x-timer': 'S1426113128.497528,VS0,VE93',
29 silly registry.get     'keep-alive': 'timeout=10, max=50',
29 silly registry.get     connection: 'Keep-Alive' } ]
30 silly lockFile c16c024b-node-supervisor node-supervisor@
31 silly lockFile c16c024b-node-supervisor node-supervisor@
32 error 404 404 Not Found: node-supervisor
32 error 404
32 error 404 'node-supervisor' is not in the npm registry.
32 error 404 You should bug the author to publish it
32 error 404 It was specified as a dependency of 'ajaxjquery'
32 error 404
32 error 404 Maybe try 'npm search supervisor'
32 error 404
32 error 404 Note that you can also install from a
32 error 404 tarball, folder, or http url, or git url.
33 error System Linux 3.13.0-46-generic
34 error command "/usr/local/bin/node" "/usr/local/bin/npm" "install" "node-supervisor"
35 error cwd /home/troyano/Escritorio/PL/Pr2_PL_1415/how-jquery-works-tutorial-getallparams/views
36 error node -v v0.10.36
37 error npm -v 1.4.28
38 error code E404
39 verbose exit [ 1, true ]
